mode: set
github.com/HalefS/dsa/queue/queue.go:16.29,18.2 1 1
github.com/HalefS/dsa/queue/queue.go:20.37,24.19 3 1
github.com/HalefS/dsa/queue/queue.go:30.2,31.15 2 1
github.com/HalefS/dsa/queue/queue.go:24.19,28.3 3 1
github.com/HalefS/dsa/queue/queue.go:34.33,35.19 1 1
github.com/HalefS/dsa/queue/queue.go:39.2,43.20 4 1
github.com/HalefS/dsa/queue/queue.go:35.19,37.3 1 1
github.com/HalefS/dsa/queue/queue.go:46.30,47.19 1 1
github.com/HalefS/dsa/queue/queue.go:51.2,51.22 1 1
github.com/HalefS/dsa/queue/queue.go:47.19,49.3 1 1
github.com/HalefS/dsa/search/binary.go:7.58,10.17 3 1
github.com/HalefS/dsa/search/binary.go:21.2,21.14 1 0
github.com/HalefS/dsa/search/binary.go:10.17,13.25 3 1
github.com/HalefS/dsa/search/binary.go:13.25,15.4 1 1
github.com/HalefS/dsa/search/binary.go:15.9,15.34 1 1
github.com/HalefS/dsa/search/binary.go:15.34,17.4 1 0
github.com/HalefS/dsa/search/binary.go:17.9,19.4 1 1
github.com/HalefS/dsa/stack/stack.go:8.24,12.2 1 1
github.com/HalefS/dsa/stack/stack.go:14.32,16.2 1 1
github.com/HalefS/dsa/stack/stack.go:18.29,19.23 1 1
github.com/HalefS/dsa/stack/stack.go:22.2,24.14 3 1
github.com/HalefS/dsa/stack/stack.go:19.23,21.3 1 1
github.com/HalefS/dsa/stack/stack.go:27.30,28.23 1 1
github.com/HalefS/dsa/stack/stack.go:31.2,31.33 1 1
github.com/HalefS/dsa/stack/stack.go:28.23,30.3 1 1
github.com/HalefS/dsa/stack/stack.go:34.31,36.2 1 1
github.com/HalefS/dsa/btree/btree.go:13.38,15.2 1 1
github.com/HalefS/dsa/btree/btree.go:17.35,18.14 1 1
github.com/HalefS/dsa/btree/btree.go:18.14,20.3 1 0
github.com/HalefS/dsa/btree/btree.go:20.8,20.29 1 1
github.com/HalefS/dsa/btree/btree.go:20.29,22.3 1 1
github.com/HalefS/dsa/btree/btree.go:22.8,24.3 1 1
github.com/HalefS/dsa/btree/btree.go:27.39,28.21 1 1
github.com/HalefS/dsa/btree/btree.go:28.21,30.3 1 1
github.com/HalefS/dsa/btree/btree.go:30.8,32.3 1 0
github.com/HalefS/dsa/btree/btree.go:35.40,36.22 1 1
github.com/HalefS/dsa/btree/btree.go:36.22,38.3 1 1
github.com/HalefS/dsa/btree/btree.go:38.8,40.3 1 0
github.com/HalefS/dsa/btree/btree.go:43.40,45.21 2 1
github.com/HalefS/dsa/btree/btree.go:54.2,54.14 1 1
github.com/HalefS/dsa/btree/btree.go:45.21,46.29 1 1
github.com/HalefS/dsa/btree/btree.go:46.29,48.4 1 1
github.com/HalefS/dsa/btree/btree.go:48.9,48.35 1 1
github.com/HalefS/dsa/btree/btree.go:48.35,50.4 1 1
github.com/HalefS/dsa/btree/btree.go:50.9,52.4 1 0
github.com/HalefS/dsa/list/linked_list.go:17.42,18.19 1 0
github.com/HalefS/dsa/list/linked_list.go:27.2,27.10 1 0
github.com/HalefS/dsa/list/linked_list.go:18.19,20.3 1 0
github.com/HalefS/dsa/list/linked_list.go:20.8,25.3 4 0
github.com/HalefS/dsa/list/linked_list.go:30.41,32.19 2 1
github.com/HalefS/dsa/list/linked_list.go:32.19,36.3 3 1
github.com/HalefS/dsa/list/linked_list.go:36.8,41.3 4 1
github.com/HalefS/dsa/list/linked_list.go:44.54,45.33 1 1
github.com/HalefS/dsa/list/linked_list.go:49.2,51.16 2 1
github.com/HalefS/dsa/list/linked_list.go:59.2,60.29 2 1
github.com/HalefS/dsa/list/linked_list.go:64.2,68.10 4 1
github.com/HalefS/dsa/list/linked_list.go:45.33,47.3 1 0
github.com/HalefS/dsa/list/linked_list.go:51.16,57.3 5 1
github.com/HalefS/dsa/list/linked_list.go:60.29,62.3 1 1
github.com/HalefS/dsa/list/linked_list.go:71.43,72.50 1 1
github.com/HalefS/dsa/list/linked_list.go:76.2,77.29 2 1
github.com/HalefS/dsa/list/linked_list.go:81.2,81.20 1 1
github.com/HalefS/dsa/list/linked_list.go:72.50,74.3 1 0
github.com/HalefS/dsa/list/linked_list.go:77.29,79.3 1 1
github.com/HalefS/dsa/list/linked_list.go:84.49,85.33 1 0
github.com/HalefS/dsa/list/linked_list.go:89.2,89.16 1 0
github.com/HalefS/dsa/list/linked_list.go:98.2,98.23 1 0
github.com/HalefS/dsa/list/linked_list.go:104.2,105.29 2 0
github.com/HalefS/dsa/list/linked_list.go:109.2,112.12 4 0
github.com/HalefS/dsa/list/linked_list.go:85.33,87.3 1 0
github.com/HalefS/dsa/list/linked_list.go:89.16,91.20 2 0
github.com/HalefS/dsa/list/linked_list.go:94.3,95.13 2 0
github.com/HalefS/dsa/list/linked_list.go:91.20,93.4 1 0
github.com/HalefS/dsa/list/linked_list.go:98.23,102.3 3 0
github.com/HalefS/dsa/list/linked_list.go:105.29,107.3 1 0
github.com/HalefS/dsa/sort/buble.go:3.31,4.35 1 1
github.com/HalefS/dsa/sort/buble.go:4.35,5.40 1 1
github.com/HalefS/dsa/sort/buble.go:5.40,6.31 1 1
github.com/HalefS/dsa/sort/buble.go:6.31,10.5 3 1
