mode: set
github.com/HalefS/dsa/stack/stack.go:7.24,11.2 1 1
github.com/HalefS/dsa/stack/stack.go:13.32,15.2 1 1
github.com/HalefS/dsa/stack/stack.go:17.29,18.23 1 1
github.com/HalefS/dsa/stack/stack.go:21.2,23.14 3 1
github.com/HalefS/dsa/stack/stack.go:18.23,20.3 1 1
github.com/HalefS/dsa/stack/stack.go:26.30,27.23 1 1
github.com/HalefS/dsa/stack/stack.go:30.2,30.33 1 1
github.com/HalefS/dsa/stack/stack.go:27.23,29.3 1 1
github.com/HalefS/dsa/stack/stack.go:33.31,35.2 1 1
github.com/HalefS/dsa/btree/btree.go:9.27,11.2 1 1
github.com/HalefS/dsa/btree/btree.go:13.34,14.18 1 1
github.com/HalefS/dsa/btree/btree.go:14.18,16.3 1 0
github.com/HalefS/dsa/btree/btree.go:16.8,16.29 1 1
github.com/HalefS/dsa/btree/btree.go:16.29,18.3 1 1
github.com/HalefS/dsa/btree/btree.go:18.8,20.3 1 1
github.com/HalefS/dsa/btree/btree.go:23.26,25.2 1 1
github.com/HalefS/dsa/btree/btree.go:27.38,28.21 1 1
github.com/HalefS/dsa/btree/btree.go:28.21,30.3 1 1
github.com/HalefS/dsa/btree/btree.go:30.8,32.3 1 0
github.com/HalefS/dsa/btree/btree.go:35.39,36.22 1 1
github.com/HalefS/dsa/btree/btree.go:36.22,38.3 1 1
github.com/HalefS/dsa/btree/btree.go:38.8,40.3 1 0
github.com/HalefS/dsa/btree/btree.go:43.39,45.21 2 1
github.com/HalefS/dsa/btree/btree.go:54.2,54.14 1 1
github.com/HalefS/dsa/btree/btree.go:45.21,46.29 1 1
github.com/HalefS/dsa/btree/btree.go:46.29,48.4 1 1
github.com/HalefS/dsa/btree/btree.go:48.9,48.35 1 1
github.com/HalefS/dsa/btree/btree.go:48.35,50.4 1 1
github.com/HalefS/dsa/btree/btree.go:50.9,52.4 1 0
